{"levelname": "ERROR", "asctime": "2024-05-30T23:34:08.030Z", "name": "backend.layers.processing.utils.spatial", "message": "Failed to create and upload deep zoom assets: Test exception", "lineno": 150, "pathname": "/single-cell-data-portal/backend/layers/processing/utils/spatial.py", "exc_info": "Traceback (most recent call last):\n  File \"/single-cell-data-portal/backend/layers/processing/utils/spatial.py\", line 145, in create_deep_zoom_assets\n    image_array, _ = self._fetch_image(content)\n  File \"/usr/lib/python3.10/unittest/mock.py\", line 1114, in __call__\n    return self._mock_call(*args, **kwargs)\n  File \"/usr/lib/python3.10/unittest/mock.py\", line 1118, in _mock_call\n    return self._execute_mock_call(*args, **kwargs)\n  File \"/usr/lib/python3.10/unittest/mock.py\", line 1173, in _execute_mock_call\n    raise effect\nException: Test exception"}
